<?xml version="1.0" encoding="utf-8"?><testsuites name="pytest tests"><testsuite name="pytest" errors="0" failures="0" skipped="0" tests="23" time="14.079" timestamp="2026-02-05T17:45:32.910910+00:00" hostname="agent-env-90e21f19-ca9d-4afa-9bcf-fd1cf7fc7556"><testcase classname="backend.tests.test_employee_performance.TestPerformanceOwnerAccess" name="test_owner_can_access_employees_for_review" time="0.355" /><testcase classname="backend.tests.test_employee_performance.TestPerformanceOwnerAccess" name="test_owner_can_access_performance_reviews" time="0.296" /><testcase classname="backend.tests.test_employee_performance.TestPerformanceOwnerAccess" name="test_owner_can_access_performance_summary" time="0.293" /><testcase classname="backend.tests.test_employee_performance.TestPerformanceAdminRestriction" name="test_admin_cannot_access_employees_for_review" time="0.896" /><testcase classname="backend.tests.test_employee_performance.TestPerformanceAdminRestriction" name="test_admin_cannot_access_performance_reviews" time="0.595" /><testcase classname="backend.tests.test_employee_performance.TestPerformanceAdminRestriction" name="test_admin_cannot_access_performance_summary" time="0.546" /><testcase classname="backend.tests.test_employee_performance.TestPerformanceAdminRestriction" name="test_admin_cannot_create_performance_review" time="0.559" /><testcase classname="backend.tests.test_employee_performance.TestPerformanceSuperadminRestriction" name="test_superadmin_cannot_access_employees_for_review" time="0.890" /><testcase classname="backend.tests.test_employee_performance.TestPerformanceSuperadminRestriction" name="test_superadmin_cannot_access_performance_reviews" time="0.900" /><testcase classname="backend.tests.test_employee_performance.TestPerformanceSuperadminRestriction" name="test_superadmin_cannot_create_performance_review" time="0.921" /><testcase classname="backend.tests.test_employee_performance.TestPerformanceReviewCRUD" name="test_create_performance_review" time="0.639" /><testcase classname="backend.tests.test_employee_performance.TestPerformanceReviewCRUD" name="test_grade_calculation_outstanding" time="0.631" /><testcase classname="backend.tests.test_employee_performance.TestPerformanceReviewCRUD" name="test_grade_calculation_excellent" time="0.637" /><testcase classname="backend.tests.test_employee_performance.TestPerformanceReviewCRUD" name="test_grade_calculation_good" time="0.608" /><testcase classname="backend.tests.test_employee_performance.TestPerformanceReviewCRUD" name="test_grade_calculation_needs_improvement" time="0.617" /><testcase classname="backend.tests.test_employee_performance.TestPerformanceReviewCRUD" name="test_grade_calculation_poor" time="0.665" /><testcase classname="backend.tests.test_employee_performance.TestPerformanceReviewCRUD" name="test_create_review_with_salary_recommendation" time="0.654" /><testcase classname="backend.tests.test_employee_performance.TestPerformanceReviewCRUD" name="test_get_single_review" time="0.648" /><testcase classname="backend.tests.test_employee_performance.TestPerformanceReviewCRUD" name="test_update_performance_review" time="0.701" /><testcase classname="backend.tests.test_employee_performance.TestPerformanceReviewCRUD" name="test_delete_performance_review" time="0.662" /><testcase classname="backend.tests.test_employee_performance.TestPerformanceReviewCRUD" name="test_filter_reviews_by_employee" time="0.650" /><testcase classname="backend.tests.test_employee_performance.TestPerformanceSummary" name="test_summary_structure" time="0.287" /><testcase classname="backend.tests.test_employee_performance.TestPerformanceSummary" name="test_summary_employee_stats_structure" time="0.286" /></testsuite></testsuites>