<?xml version="1.0" encoding="utf-8"?><testsuites name="pytest tests"><testsuite name="pytest" errors="0" failures="0" skipped="0" tests="21" time="14.238" timestamp="2026-02-04T17:20:07.804499+00:00" hostname="agent-env-90e21f19-ca9d-4afa-9bcf-fd1cf7fc7556"><testcase classname="backend.tests.test_auth_roles.TestOwnerLogin" name="test_owner_login_success" time="0.333" /><testcase classname="backend.tests.test_auth_roles.TestOwnerLogin" name="test_owner_login_invalid_password" time="0.266" /><testcase classname="backend.tests.test_auth_roles.TestOwnerLogin" name="test_owner_login_invalid_username" time="0.040" /><testcase classname="backend.tests.test_auth_roles.TestUserManagement" name="test_owner_can_create_admin_user" time="0.611" /><testcase classname="backend.tests.test_auth_roles.TestUserManagement" name="test_owner_can_create_superadmin_user" time="0.638" /><testcase classname="backend.tests.test_auth_roles.TestUserManagement" name="test_owner_can_list_users" time="0.340" /><testcase classname="backend.tests.test_auth_roles.TestUserManagement" name="test_owner_can_toggle_user_status" time="0.687" /><testcase classname="backend.tests.test_auth_roles.TestUserManagement" name="test_owner_can_delete_user" time="0.640" /><testcase classname="backend.tests.test_auth_roles.TestUserManagement" name="test_duplicate_username_rejected" time="0.336" /><testcase classname="backend.tests.test_auth_roles.TestAdminRoleAccess" name="test_admin_login_success" time="1.121" /><testcase classname="backend.tests.test_auth_roles.TestAdminRoleAccess" name="test_admin_cannot_manage_users" time="0.928" /><testcase classname="backend.tests.test_auth_roles.TestAdminRoleAccess" name="test_admin_cannot_delete_users" time="0.938" /><testcase classname="backend.tests.test_auth_roles.TestAdminRoleAccess" name="test_admin_cannot_edit_booking_directly" time="0.899" /><testcase classname="backend.tests.test_auth_roles.TestSuperadminRoleAccess" name="test_superadmin_login_success" time="1.105" /><testcase classname="backend.tests.test_auth_roles.TestSuperadminRoleAccess" name="test_superadmin_can_view_users" time="0.942" /><testcase classname="backend.tests.test_auth_roles.TestSuperadminRoleAccess" name="test_superadmin_cannot_create_users" time="0.911" /><testcase classname="backend.tests.test_auth_roles.TestSuperadminRoleAccess" name="test_superadmin_can_view_approval_requests" time="0.933" /><testcase classname="backend.tests.test_auth_roles.TestSuperadminRoleAccess" name="test_superadmin_can_view_pending_count" time="0.924" /><testcase classname="backend.tests.test_auth_roles.TestApprovalSystem" name="test_owner_can_view_approval_requests" time="0.300" /><testcase classname="backend.tests.test_auth_roles.TestApprovalSystem" name="test_owner_can_view_pending_count" time="0.296" /><testcase classname="backend.tests.test_auth_roles.TestDisabledUserAccess" name="test_disabled_user_cannot_login" time="0.855" /></testsuite></testsuites>